Cuadrados
Cuadrado 253: 100.0
Cuadrado 236: 100.0
Cuadrado 200: 100.0
Cuadrado 60: 100.0
Cuadrado 34: 100.0
Cuadrado 312: 81.0
Cuadrado 142: 81.0
Cuadrado 128: 81.0
Cuadrado 70: 81.0
Cuadrado 50: 81.0
Cuadrado 302: 64.0
Cuadrado 266: 64.0
Cuadrado 158: 64.0
Cuadrado 132: 64.0
Cuadrado 109: 64.0
Cuadrado 37: 64.0
Cuadrado 23: 64.0
Cuadrado 20: 64.0
Cuadrado 14: 64.0
Cuadrado 311: 49.0
Cuadrado 308: 49.0
Cuadrado 217: 49.0
Cuadrado 181: 49.0
Cuadrado 73: 49.0
Cuadrado 322: 36.0
Cuadrado 272: 36.0
Cuadrado 240: 36.0
Cuadrado 194: 36.0
Cuadrado 167: 36.0
Cuadrado 122: 36.0
Cuadrado 92: 36.0
Cuadrado 1: 36.0
Cuadrado 275: 25.0
Cuadrado 230: 25.0
Cuadrado 214: 25.0
Cuadrado 96: 25.0
Cuadrado 86: 25.0
Cuadrado 59: 25.0
Cuadrado 56: 25.0
Cuadrado 289: 16.0
Cuadrado 276: 16.0
Cuadrado 239: 16.0
Cuadrado 203: 16.0
Cuadrado 164: 16.0
Cuadrado 106: 16.0
Cuadrado 95: 16.0
Cuadrado 24: 16.0
Cuadrado 204: 9.0
Cuadrado 178: 9.0
Cuadrado 145: 9.0
Cuadrado 131: 9.0
Cuadrado 286: 4.0
Cuadrado 250: 4.0
Cuadrado 168: 4.0
Elipses
Elipse 87: 282.7433388230814
Elipse 170: 251.32741228718345
Elipse 129: 251.32741228718345
Elipse 241: 226.1946710584651
Elipse 90: 226.1946710584651
Elipse 234: 219.9114857512855
Elipse 231: 201.06192982974676
Elipse 124: 197.92033717615698
Elipse 61: 197.92033717615698
Elipse 54: 197.92033717615698
Elipse 201: 188.49555921538757
Elipse 169: 188.49555921538757
Elipse 304: 175.92918860102841
Elipse 313: 153.93804002589985
Elipse 21: 150.79644737231007
Elipse 162: 141.3716694115407
Elipse 15: 141.3716694115407
Elipse 205: 131.94689145077132
Elipse 57: 131.94689145077132
Elipse 267: 125.66370614359172
Elipse 160: 125.66370614359172
Elipse 98: 125.66370614359172
Elipse 51: 125.66370614359172
Elipse 278: 113.09733552923255
Elipse 277: 113.09733552923255
Elipse 134: 113.09733552923255
Elipse 26: 113.09733552923255
Elipse 268: 109.95574287564276
Elipse 123: 109.95574287564276
Elipse 270: 100.53096491487338
Elipse 52: 100.53096491487338
Elipse 206: 94.24777960769379
Elipse 165: 94.24777960769379
Elipse 97: 94.24777960769379
Elipse 198: 87.96459430051421
Elipse 18: 87.96459430051421
Elipse 237: 65.97344572538566
Elipse 196: 62.83185307179586
Elipse 93: 56.548667764616276
Elipse 62: 56.548667764616276
Elipse 309: 50.26548245743669
Elipse 195: 50.26548245743669
Elipse 88: 50.26548245743669
Elipse 25: 50.26548245743669
Elipse 303: 47.12388980384689
Elipse 242: 43.982297150257104
Elipse 159: 28.274333882308138
Elipse 16: 28.274333882308138
Elipse 314: 18.84955592153876
Elipse 306: 18.84955592153876
Elipse 273: 18.84955592153876
Elipse 126: 18.84955592153876
Elipse 133: 12.566370614359172
Triangulos
Triangulo 180: 23.717082451262847
Triangulo 72: 23.086792761230388
Triangulo 257: 23.00543414065468
Triangulo 84: 22.7705950734714
Triangulo 221: 21.931712199461305
Triangulo 135: 18.027756377319946
Triangulo 36: 17.7341478509682
Triangulo 247: 17.102631376487068
Triangulo 139: 16.62077013859466
Triangulo 119: 16.1245154965971
Triangulo 315: 13.583077707206124
Triangulo 264: 12.747548783981962
Triangulo 207: 11.40175425099138
Triangulo 41: 11.40175425099138
Triangulo 288: 10.606601717798213
Triangulo 67: 10.19803902718557
Triangulo 243: 10.0
Triangulo 63: 9.899494936611665
Triangulo 211: 9.192388155425117
Triangulo 149: 8.74642784226795
Triangulo 48: 8.000000000000002
Triangulo 113: 7.905694150420949
Triangulo 324: 7.648529270389177
Triangulo 227: 7.5
Triangulo 171: 7.5
Triangulo 12: 7.433034373659252
Triangulo 103: 6.800735254367722
Triangulo 120: 6.4031242374328485
Triangulo 83: 6.4031242374328485
Triangulo 293: 6.363961030678928
Triangulo 283: 6.18465843842649
Triangulo 228: 6.18465843842649
Triangulo 5: 5.70087712549569
Triangulo 108: 5.099019513592785
Triangulo 191: 5.000000000000001
Triangulo 319: 5.0
Triangulo 31: 4.6097722286464435
Triangulo 192: 4.47213595499958
Triangulo 11: 4.47213595499958
Triangulo 175: 3.5355339059327378
Triangulo 144: 3.5355339059327378
Triangulo 300: 3.1622776601683795
Triangulo 299: 3.1622776601683795
Triangulo 263: 3.0
Triangulo 279: 2.5495097567963927
Triangulo 156: 2.23606797749979
Triangulo 99: 2.23606797749979
Triangulo 77: 2.23606797749979
Triangulo 185: 2.1213203435596424
Rectangulos
Rectangulo235: 32.0
Rectangulo2: 32.0
Rectangulo187: 25.0
Rectangulo19: 24.0
Rectangulo271: 20.0
Rectangulo127: 20.0
Rectangulo100: 20.0
Rectangulo58: 20.0
Rectangulo219: 18.0
Rectangulo199: 16.0
Rectangulo64: 16.0
Rectangulo244: 15.0
Rectangulo202: 15.0
Rectangulo316: 14.0
Rectangulo166: 12.0
Rectangulo111: 12.0
Rectangulo74: 10.0
Rectangulo28: 9.0
Rectangulo280: 8.0
Rectangulo39: 8.0
Rectangulo254: 7.0
Rectangulo307: 6.0
Rectangulo259: 6.0
Rectangulo238: 6.0
Rectangulo151: 6.0
Rectangulo146: 6.0
Rectangulo7: 6.0
Rectangulo223: 5.0
Rectangulo295: 4.0
Rectangulo182: 4.0
Rectangulo115: 4.0
Rectangulo79: 4.0
Rectangulo163: 3.0
Rectangulo136: 3.0
Rectangulo3: 3.0
Rectangulo291: 2.0
Rectangulo274: 2.0
Rectangulo208: 2.0
Rectangulo183: 2.0
Rectangulo94: 2.0
Rectangulo22: 2.0
Rectangulo310: 1.0
Rectangulo75: 1.0
Rectangulo38: 1.0
Rectangulo290: 0.0
Rectangulo255: 0.0
Rectangulo218: 0.0
Rectangulo172: 0.0
Rectangulo147: 0.0
Rectangulo130: 0.0
Rectangulo110: 0.0
Rectangulo91: 0.0
Rectangulo55: 0.0
Rectangulo43: 0.0
Segmentos
Segmento 118: 10.63014581273465
Segmento 188: 10.0
Segmento 80: 8.94427190999916
Segmento 29: 8.602325267042627
Segmento 220: 8.246211251235321
Segmento 35: 8.06225774829855
Segmento 296: 7.810249675906654
Segmento 76: 7.810249675906654
Segmento 66: 7.810249675906654
Segmento 65: 7.280109889280518
Segmento 30: 7.211102550927978
Segmento 298: 7.0710678118654755
Segmento 44: 7.0710678118654755
Segmento 317: 6.708203932499369
Segmento 224: 6.4031242374328485
Segmento 143: 6.4031242374328485
Segmento 245: 6.324555320336759
Segmento 246: 6.082762530298219
Segmento 184: 6.082762530298219
Segmento 251: 5.830951894845301
Segmento 82: 5.830951894845301
Segmento 8: 5.830951894845301
Segmento 190: 5.385164807134504
Segmento 102: 5.385164807134504
Segmento 323: 5.0
Segmento 287: 5.0
Segmento 262: 5.0
Segmento 174: 4.47213595499958
Segmento 116: 4.47213595499958
Segmento 256: 4.123105625617661
Segmento 173: 4.123105625617661
Segmento 152: 4.123105625617661
Segmento 101: 4.123105625617661
Segmento 292: 4.0
Segmento 281: 4.0
Segmento 112: 4.0
Segmento 282: 3.605551275463989
Segmento 226: 3.605551275463989
Segmento 138: 3.605551275463989
Segmento 46: 3.605551275463989
Segmento 4: 3.605551275463989
Segmento 154: 3.1622776601683795
Segmento 318: 2.8284271247461903
Segmento 179: 2.8284271247461903
Segmento 260: 2.23606797749979
Segmento 215: 2.23606797749979
Segmento 209: 2.23606797749979
Segmento 71: 2.0
Segmento 148: 1.4142135623730951
Segmento 137: 1.4142135623730951
Segmento 40: 1.4142135623730951
Segmento 10: 1.4142135623730951
Circulos
Circulo 301: 314.1592653589793
Circulo 225: 314.1592653589793
Circulo 105: 314.1592653589793
Circulo 104: 314.1592653589793
Circulo 89: 314.1592653589793
Circulo 42: 314.1592653589793
Circulo 141: 254.46900494077323
Circulo 140: 254.46900494077323
Circulo 53: 254.46900494077323
Circulo 9: 254.46900494077323
Circulo 258: 201.06192982974676
Circulo 197: 201.06192982974676
Circulo 161: 201.06192982974676
Circulo 85: 201.06192982974676
Circulo 17: 201.06192982974676
Circulo 6: 201.06192982974676
Circulo 269: 153.93804002589985
Circulo 265: 153.93804002589985
Circulo 193: 153.93804002589985
Circulo 177: 153.93804002589985
Circulo 157: 153.93804002589985
Circulo 33: 153.93804002589985
Circulo 285: 113.09733552923255
Circulo 176: 113.09733552923255
Circulo 150: 113.09733552923255
Circulo 114: 113.09733552923255
Circulo 78: 113.09733552923255
Circulo 69: 113.09733552923255
Circulo 13: 113.09733552923255
Circulo 321: 78.53981633974483
Circulo 297: 78.53981633974483
Circulo 117: 78.53981633974483
Circulo 45: 78.53981633974483
Circulo 320: 50.26548245743669
Circulo 284: 50.26548245743669
Circulo 249: 50.26548245743669
Circulo 229: 50.26548245743669
Circulo 212: 50.26548245743669
Circulo 32: 50.26548245743669
Circulo 305: 28.274333882308138
Circulo 248: 28.274333882308138
Circulo 222: 28.274333882308138
Circulo 213: 28.274333882308138
Circulo 153: 28.274333882308138
Circulo 81: 28.274333882308138
Circulo 49: 28.274333882308138
Circulo 294: 12.566370614359172
Circulo 261: 12.566370614359172
Circulo 189: 12.566370614359172
Circulo 186: 12.566370614359172
Circulo 125: 12.566370614359172
Circulo 121: 12.566370614359172
Circulo 68: 12.566370614359172
